2024-12-20 13:12:13.317 [background-preinit] INFO  org.hibernate.validator.internal.util.Version:21 - HV000001: Hibernate Validator 6.2.3.Final
2024-12-20 13:12:13.337 [main] INFO  org.jeecg.JeecgSystemApplication:55 - Starting JeecgSystemApplication v3.4.3 using Java 1.8.0_191 on Stargis007 with PID 152660 (E:\tj-cadre-assess\tj-cadre-assess-server\jeecg-module-system\jeecg-system-start\target\jeecg-system-start-3.4.3.jar started by HP in E:\tj-cadre-assess\tj-cadre-assess-server\jeecg-module-system\jeecg-system-start\target)
2024-12-20 13:12:13.338 [main] INFO  org.jeecg.JeecgSystemApplication:646 - The following 1 profile is active: "prod"
2024-12-20 13:12:15.498 [main] INFO  o.s.d.r.config.RepositoryConfigurationDelegate:262 - Multiple Spring Data modules found, entering strict repository configuration mode!
2024-12-20 13:12:15.502 [main] INFO  o.s.d.r.config.RepositoryConfigurationDelegate:132 - Bootstrapping Spring Data Redis repositories in DEFAULT mode.
2024-12-20 13:12:15.582 [main] INFO  o.s.d.r.config.RepositoryConfigurationDelegate:201 - Finished Spring Data repository scanning in 67 ms. Found 0 Redis repository interfaces.
2024-12-20 13:12:15.714 [main] INFO  o.j.minidao.auto.MinidaoAutoConfiguration:23 -  ******************* init miniDao config [ begin ] *********************** 
2024-12-20 13:12:15.715 [main] INFO  o.j.minidao.auto.MinidaoAutoConfiguration:25 -  ------ minidao.base-package ------- org.jeecg.modules.jmreport.desreport.*
2024-12-20 13:12:15.716 [main] INFO  o.j.minidao.auto.MinidaoAutoConfiguration:42 -  *******************  init miniDao config  [ end ] *********************** 
2024-12-20 13:12:15.745 [main] WARN  org.mybatis.spring.mapper.ClassPathMapperScanner:44 - No MyBatis mapper was found in '[org.jeecg.modules.mapper]' package. Please check your configuration.
2024-12-20 13:12:15.762 [main] INFO  o.j.minidao.factory.MiniDaoClassPathMapperScanner:48 - register minidao name is { org.jeecg.modules.jmreport.desreport.dao.JimuReportDao }
2024-12-20 13:12:15.763 [main] INFO  o.j.minidao.factory.MiniDaoClassPathMapperScanner:48 - register minidao name is { org.jeecg.modules.jmreport.desreport.dao.JimuReportDataSourceDao }
2024-12-20 13:12:15.763 [main] INFO  o.j.minidao.factory.MiniDaoClassPathMapperScanner:48 - register minidao name is { org.jeecg.modules.jmreport.desreport.dao.JimuReportDbDao }
2024-12-20 13:12:15.764 [main] INFO  o.j.minidao.factory.MiniDaoClassPathMapperScanner:48 - register minidao name is { org.jeecg.modules.jmreport.desreport.dao.JimuReportDbFieldDao }
2024-12-20 13:12:15.765 [main] INFO  o.j.minidao.factory.MiniDaoClassPathMapperScanner:48 - register minidao name is { org.jeecg.modules.jmreport.desreport.dao.JimuReportDbParamDao }
2024-12-20 13:12:15.765 [main] INFO  o.j.minidao.factory.MiniDaoClassPathMapperScanner:48 - register minidao name is { org.jeecg.modules.jmreport.desreport.dao.JimuReportDictDao }
2024-12-20 13:12:15.765 [main] INFO  o.j.minidao.factory.MiniDaoClassPathMapperScanner:48 - register minidao name is { org.jeecg.modules.jmreport.desreport.dao.JimuReportDictItemDao }
2024-12-20 13:12:15.766 [main] INFO  o.j.minidao.factory.MiniDaoClassPathMapperScanner:48 - register minidao name is { org.jeecg.modules.jmreport.desreport.dao.JimuReportLinkDao }
2024-12-20 13:12:15.766 [main] INFO  o.j.minidao.factory.MiniDaoClassPathMapperScanner:48 - register minidao name is { org.jeecg.modules.jmreport.desreport.dao.JimuReportMapDao }
2024-12-20 13:12:15.766 [main] INFO  o.j.minidao.factory.MiniDaoClassPathMapperScanner:48 - register minidao name is { org.jeecg.modules.jmreport.desreport.dao.JimuReportShareDao }
2024-12-20 13:12:16.135 [main] INFO  o.s.c.s.PostProcessorRegistrationDelegate$BeanPostProcessorChecker:376 - Bean '(inner bean)#14008db3#9' of type [org.jeecgframework.minidao.aop.MiniDaoHandler] is not eligible for getting processed by all BeanPostProcessors (for example: not eligible for auto-proxying)
2024-12-20 13:12:16.141 [main] INFO  o.s.c.s.PostProcessorRegistrationDelegate$BeanPostProcessorChecker:376 - Bean 'jimuReportShareDao' of type [org.jeecgframework.minidao.factory.MiniDaoBeanFactory] is not eligible for getting processed by all BeanPostProcessors (for example: not eligible for auto-proxying)
2024-12-20 13:12:16.143 [main] INFO  o.s.c.s.PostProcessorRegistrationDelegate$BeanPostProcessorChecker:376 - Bean '(inner bean)#14008db3#8' of type [org.jeecgframework.minidao.aop.MiniDaoHandler] is not eligible for getting processed by all BeanPostProcessors (for example: not eligible for auto-proxying)
2024-12-20 13:12:16.144 [main] INFO  o.s.c.s.PostProcessorRegistrationDelegate$BeanPostProcessorChecker:376 - Bean 'jimuReportMapDao' of type [org.jeecgframework.minidao.factory.MiniDaoBeanFactory] is not eligible for getting processed by all BeanPostProcessors (for example: not eligible for auto-proxying)
2024-12-20 13:12:16.145 [main] INFO  o.s.c.s.PostProcessorRegistrationDelegate$BeanPostProcessorChecker:376 - Bean '(inner bean)#14008db3#7' of type [org.jeecgframework.minidao.aop.MiniDaoHandler] is not eligible for getting processed by all BeanPostProcessors (for example: not eligible for auto-proxying)
2024-12-20 13:12:16.146 [main] INFO  o.s.c.s.PostProcessorRegistrationDelegate$BeanPostProcessorChecker:376 - Bean 'jimuReportLinkDao' of type [org.jeecgframework.minidao.factory.MiniDaoBeanFactory] is not eligible for getting processed by all BeanPostProcessors (for example: not eligible for auto-proxying)
2024-12-20 13:12:16.147 [main] INFO  o.s.c.s.PostProcessorRegistrationDelegate$BeanPostProcessorChecker:376 - Bean '(inner bean)#14008db3#6' of type [org.jeecgframework.minidao.aop.MiniDaoHandler] is not eligible for getting processed by all BeanPostProcessors (for example: not eligible for auto-proxying)
2024-12-20 13:12:16.148 [main] INFO  o.s.c.s.PostProcessorRegistrationDelegate$BeanPostProcessorChecker:376 - Bean 'jimuReportDictItemDao' of type [org.jeecgframework.minidao.factory.MiniDaoBeanFactory] is not eligible for getting processed by all BeanPostProcessors (for example: not eligible for auto-proxying)
2024-12-20 13:12:16.149 [main] INFO  o.s.c.s.PostProcessorRegistrationDelegate$BeanPostProcessorChecker:376 - Bean '(inner bean)#14008db3#5' of type [org.jeecgframework.minidao.aop.MiniDaoHandler] is not eligible for getting processed by all BeanPostProcessors (for example: not eligible for auto-proxying)
2024-12-20 13:12:16.151 [main] INFO  o.s.c.s.PostProcessorRegistrationDelegate$BeanPostProcessorChecker:376 - Bean 'jimuReportDictDao' of type [org.jeecgframework.minidao.factory.MiniDaoBeanFactory] is not eligible for getting processed by all BeanPostProcessors (for example: not eligible for auto-proxying)
2024-12-20 13:12:16.152 [main] INFO  o.s.c.s.PostProcessorRegistrationDelegate$BeanPostProcessorChecker:376 - Bean '(inner bean)#14008db3#4' of type [org.jeecgframework.minidao.aop.MiniDaoHandler] is not eligible for getting processed by all BeanPostProcessors (for example: not eligible for auto-proxying)
2024-12-20 13:12:16.153 [main] INFO  o.s.c.s.PostProcessorRegistrationDelegate$BeanPostProcessorChecker:376 - Bean 'jimuReportDbParamDao' of type [org.jeecgframework.minidao.factory.MiniDaoBeanFactory] is not eligible for getting processed by all BeanPostProcessors (for example: not eligible for auto-proxying)
2024-12-20 13:12:16.154 [main] INFO  o.s.c.s.PostProcessorRegistrationDelegate$BeanPostProcessorChecker:376 - Bean '(inner bean)#14008db3#3' of type [org.jeecgframework.minidao.aop.MiniDaoHandler] is not eligible for getting processed by all BeanPostProcessors (for example: not eligible for auto-proxying)
2024-12-20 13:12:16.155 [main] INFO  o.s.c.s.PostProcessorRegistrationDelegate$BeanPostProcessorChecker:376 - Bean 'jimuReportDbFieldDao' of type [org.jeecgframework.minidao.factory.MiniDaoBeanFactory] is not eligible for getting processed by all BeanPostProcessors (for example: not eligible for auto-proxying)
2024-12-20 13:12:16.156 [main] INFO  o.s.c.s.PostProcessorRegistrationDelegate$BeanPostProcessorChecker:376 - Bean '(inner bean)#14008db3#2' of type [org.jeecgframework.minidao.aop.MiniDaoHandler] is not eligible for getting processed by all BeanPostProcessors (for example: not eligible for auto-proxying)
2024-12-20 13:12:16.156 [main] INFO  o.s.c.s.PostProcessorRegistrationDelegate$BeanPostProcessorChecker:376 - Bean 'jimuReportDbDao' of type [org.jeecgframework.minidao.factory.MiniDaoBeanFactory] is not eligible for getting processed by all BeanPostProcessors (for example: not eligible for auto-proxying)
2024-12-20 13:12:16.157 [main] INFO  o.s.c.s.PostProcessorRegistrationDelegate$BeanPostProcessorChecker:376 - Bean '(inner bean)#14008db3#1' of type [org.jeecgframework.minidao.aop.MiniDaoHandler] is not eligible for getting processed by all BeanPostProcessors (for example: not eligible for auto-proxying)
2024-12-20 13:12:16.158 [main] INFO  o.s.c.s.PostProcessorRegistrationDelegate$BeanPostProcessorChecker:376 - Bean 'jimuReportDataSourceDao' of type [org.jeecgframework.minidao.factory.MiniDaoBeanFactory] is not eligible for getting processed by all BeanPostProcessors (for example: not eligible for auto-proxying)
2024-12-20 13:12:16.159 [main] INFO  o.s.c.s.PostProcessorRegistrationDelegate$BeanPostProcessorChecker:376 - Bean '(inner bean)#14008db3' of type [org.jeecgframework.minidao.aop.MiniDaoHandler] is not eligible for getting processed by all BeanPostProcessors (for example: not eligible for auto-proxying)
2024-12-20 13:12:16.160 [main] INFO  o.s.c.s.PostProcessorRegistrationDelegate$BeanPostProcessorChecker:376 - Bean 'jimuReportDao' of type [org.jeecgframework.minidao.factory.MiniDaoBeanFactory] is not eligible for getting processed by all BeanPostProcessors (for example: not eligible for auto-proxying)
2024-12-20 13:12:16.179 [main] INFO  o.s.c.s.PostProcessorRegistrationDelegate$BeanPostProcessorChecker:376 - Bean 'spring.redis-org.springframework.boot.autoconfigure.data.redis.RedisProperties' of type [org.springframework.boot.autoconfigure.data.redis.RedisProperties] is not eligible for getting processed by all BeanPostProcessors (for example: not eligible for auto-proxying)
2024-12-20 13:12:16.182 [main] INFO  o.s.c.s.PostProcessorRegistrationDelegate$BeanPostProcessorChecker:376 - Bean 'org.springframework.boot.autoconfigure.data.redis.LettuceConnectionConfiguration' of type [org.springframework.boot.autoconfigure.data.redis.LettuceConnectionConfiguration] is not eligible for getting processed by all BeanPostProcessors (for example: not eligible for auto-proxying)
2024-12-20 13:12:16.202 [main] INFO  o.s.c.s.PostProcessorRegistrationDelegate$BeanPostProcessorChecker:376 - Bean 'org.springframework.boot.actuate.autoconfigure.metrics.redis.LettuceMetricsAutoConfiguration' of type [org.springframework.boot.actuate.autoconfigure.metrics.redis.LettuceMetricsAutoConfiguration] is not eligible for getting processed by all BeanPostProcessors (for example: not eligible for auto-proxying)
2024-12-20 13:12:16.203 [main] INFO  o.s.c.s.PostProcessorRegistrationDelegate$BeanPostProcessorChecker:376 - Bean 'org.springframework.boot.actuate.autoconfigure.metrics.export.prometheus.PrometheusMetricsExportAutoConfiguration' of type [org.springframework.boot.actuate.autoconfigure.metrics.export.prometheus.PrometheusMetricsExportAutoConfiguration] is not eligible for getting processed by all BeanPostProcessors (for example: not eligible for auto-proxying)
2024-12-20 13:12:16.208 [main] INFO  o.s.c.s.PostProcessorRegistrationDelegate$BeanPostProcessorChecker:376 - Bean 'management.metrics.export.prometheus-org.springframework.boot.actuate.autoconfigure.metrics.export.prometheus.PrometheusProperties' of type [org.springframework.boot.actuate.autoconfigure.metrics.export.prometheus.PrometheusProperties] is not eligible for getting processed by all BeanPostProcessors (for example: not eligible for auto-proxying)
2024-12-20 13:12:16.211 [main] INFO  o.s.c.s.PostProcessorRegistrationDelegate$BeanPostProcessorChecker:376 - Bean 'prometheusConfig' of type [org.springframework.boot.actuate.autoconfigure.metrics.export.prometheus.PrometheusPropertiesConfigAdapter] is not eligible for getting processed by all BeanPostProcessors (for example: not eligible for auto-proxying)
2024-12-20 13:12:16.214 [main] INFO  o.s.c.s.PostProcessorRegistrationDelegate$BeanPostProcessorChecker:376 - Bean 'collectorRegistry' of type [io.prometheus.client.CollectorRegistry] is not eligible for getting processed by all BeanPostProcessors (for example: not eligible for auto-proxying)
2024-12-20 13:12:16.216 [main] INFO  o.s.c.s.PostProcessorRegistrationDelegate$BeanPostProcessorChecker:376 - Bean 'org.springframework.boot.actuate.autoconfigure.metrics.MetricsAutoConfiguration' of type [org.springframework.boot.actuate.autoconfigure.metrics.MetricsAutoConfiguration] is not eligible for getting processed by all BeanPostProcessors (for example: not eligible for auto-proxying)
2024-12-20 13:12:16.217 [main] INFO  o.s.c.s.PostProcessorRegistrationDelegate$BeanPostProcessorChecker:376 - Bean 'micrometerClock' of type [io.micrometer.core.instrument.Clock$1] is not eligible for getting processed by all BeanPostProcessors (for example: not eligible for auto-proxying)
2024-12-20 13:12:16.241 [main] INFO  o.s.c.s.PostProcessorRegistrationDelegate$BeanPostProcessorChecker:376 - Bean 'prometheusMeterRegistry' of type [io.micrometer.prometheus.PrometheusMeterRegistry] is not eligible for getting processed by all BeanPostProcessors (for example: not eligible for auto-proxying)
2024-12-20 13:12:16.244 [main] INFO  o.s.c.s.PostProcessorRegistrationDelegate$BeanPostProcessorChecker:376 - Bean 'lettuceMetrics' of type [org.springframework.boot.actuate.autoconfigure.metrics.redis.LettuceMetricsAutoConfiguration$$Lambda$444/1515403487] is not eligible for getting processed by all BeanPostProcessors (for example: not eligible for auto-proxying)
2024-12-20 13:12:16.403 [main] INFO  o.s.c.s.PostProcessorRegistrationDelegate$BeanPostProcessorChecker:376 - Bean 'lettuceClientResources' of type [io.lettuce.core.resource.DefaultClientResources] is not eligible for getting processed by all BeanPostProcessors (for example: not eligible for auto-proxying)
2024-12-20 13:12:16.507 [main] INFO  o.s.c.s.PostProcessorRegistrationDelegate$BeanPostProcessorChecker:376 - Bean 'redisConnectionFactory' of type [org.springframework.data.redis.connection.lettuce.LettuceConnectionFactory] is not eligible for getting processed by all BeanPostProcessors (for example: not eligible for auto-proxying)
2024-12-20 13:12:16.511 [main] INFO  o.s.c.s.PostProcessorRegistrationDelegate$BeanPostProcessorChecker:376 - Bean 'jeecgBaseConfig' of type [org.jeecg.config.JeecgBaseConfig] is not eligible for getting processed by all BeanPostProcessors (for example: not eligible for auto-proxying)
2024-12-20 13:12:16.514 [main] INFO  o.s.c.s.PostProcessorRegistrationDelegate$BeanPostProcessorChecker:376 - Bean 'shiroConfig' of type [org.jeecg.config.shiro.ShiroConfig$$EnhancerBySpringCGLIB$$72611c97] is not eligible for getting processed by all BeanPostProcessors (for example: not eligible for auto-proxying)
2024-12-20 13:12:16.847 [main] INFO  o.s.c.s.PostProcessorRegistrationDelegate$BeanPostProcessorChecker:376 - Bean 'spring.datasource.dynamic-com.baomidou.dynamic.datasource.spring.boot.autoconfigure.DynamicDataSourceProperties' of type [com.baomidou.dynamic.datasource.spring.boot.autoconfigure.DynamicDataSourceProperties] is not eligible for getting processed by all BeanPostProcessors (for example: not eligible for auto-proxying)
2024-12-20 13:12:16.854 [main] INFO  o.s.c.s.PostProcessorRegistrationDelegate$BeanPostProcessorChecker:376 - Bean 'com.baomidou.dynamic.datasource.spring.boot.autoconfigure.DynamicDataSourceAutoConfiguration' of type [com.baomidou.dynamic.datasource.spring.boot.autoconfigure.DynamicDataSourceAutoConfiguration$$EnhancerBySpringCGLIB$$7cb3456f] is not eligible for getting processed by all BeanPostProcessors (for example: not eligible for auto-proxying)
2024-12-20 13:12:16.862 [main] INFO  o.s.c.s.PostProcessorRegistrationDelegate$BeanPostProcessorChecker:376 - Bean 'dsProcessor' of type [com.baomidou.dynamic.datasource.processor.DsHeaderProcessor] is not eligible for getting processed by all BeanPostProcessors (for example: not eligible for auto-proxying)
2024-12-20 13:12:16.919 [main] INFO  o.s.c.s.PostProcessorRegistrationDelegate$BeanPostProcessorChecker:376 - Bean 'shiroRealm' of type [org.jeecg.config.shiro.ShiroRealm] is not eligible for getting processed by all BeanPostProcessors (for example: not eligible for auto-proxying)
2024-12-20 13:12:17.473 [main] INFO  org.jeecg.config.shiro.ShiroConfig:227 - ===============(1)创建缓存管理器RedisCacheManager
2024-12-20 13:12:17.477 [main] INFO  org.jeecg.config.shiro.ShiroConfig:245 - ===============(2)创建RedisManager,连接Redis..
2024-12-20 13:12:17.482 [main] INFO  o.s.c.s.PostProcessorRegistrationDelegate$BeanPostProcessorChecker:376 - Bean 'redisManager' of type [org.crazycake.shiro.RedisManager] is not eligible for getting processed by all BeanPostProcessors (for example: not eligible for auto-proxying)
2024-12-20 13:12:17.491 [main] INFO  o.s.c.s.PostProcessorRegistrationDelegate$BeanPostProcessorChecker:376 - Bean 'securityManager' of type [org.apache.shiro.web.mgt.DefaultWebSecurityManager] is not eligible for getting processed by all BeanPostProcessors (for example: not eligible for auto-proxying)
2024-12-20 13:12:17.527 [main] INFO  o.s.c.s.PostProcessorRegistrationDelegate$BeanPostProcessorChecker:376 - Bean 'authorizationAttributeSourceAdvisor' of type [org.apache.shiro.spring.security.interceptor.AuthorizationAttributeSourceAdvisor] is not eligible for getting processed by all BeanPostProcessors (for example: not eligible for auto-proxying)
2024-12-20 13:12:17.554 [main] INFO  o.s.c.s.PostProcessorRegistrationDelegate$BeanPostProcessorChecker:376 - Bean 'org.apache.shiro.spring.boot.autoconfigure.ShiroBeanAutoConfiguration' of type [org.apache.shiro.spring.boot.autoconfigure.ShiroBeanAutoConfiguration$$EnhancerBySpringCGLIB$$263db24e] is not eligible for getting processed by all BeanPostProcessors (for example: not eligible for auto-proxying)
2024-12-20 13:12:17.558 [main] INFO  o.s.c.s.PostProcessorRegistrationDelegate$BeanPostProcessorChecker:376 - Bean 'eventBus' of type [org.apache.shiro.event.support.DefaultEventBus] is not eligible for getting processed by all BeanPostProcessors (for example: not eligible for auto-proxying)
2024-12-20 13:12:17.931 [main] INFO  o.s.boot.web.embedded.tomcat.TomcatWebServer:108 - Tomcat initialized with port(s): 18666 (http)
2024-12-20 13:12:17.946 [main] INFO  org.apache.coyote.http11.Http11NioProtocol:173 - Initializing ProtocolHandler ["http-nio-18666"]
2024-12-20 13:12:17.947 [main] INFO  org.apache.catalina.core.StandardService:173 - Starting service [Tomcat]
2024-12-20 13:12:17.948 [main] INFO  org.apache.catalina.core.StandardEngine:173 - Starting Servlet engine: [Apache Tomcat/9.0.60]
2024-12-20 13:12:18.050 [main] INFO  o.a.c.core.ContainerBase.[Tomcat].[localhost].[/]:173 - Initializing Spring embedded WebApplicationContext
2024-12-20 13:12:18.051 [main] INFO  o.s.b.w.s.c.ServletWebServerApplicationContext:290 - Root WebApplicationContext: initialization completed in 4650 ms
2024-12-20 13:12:18.223 [main] INFO  o.j.m.jmreport.config.init.JimuReportConfiguration:99 -  Init JimuReport Config [ Token Interceptor & Resource Locations ] 
2024-12-20 13:12:18.517 [main] INFO  c.a.d.s.b.a.DruidDataSourceAutoConfigure:56 - Init DruidDataSource
2024-12-20 13:12:18.711 [main] ERROR com.alibaba.druid.pool.DruidDataSource:1197 - testWhileIdle is true, validationQuery not set
2024-12-20 13:12:18.721 [main] INFO  com.alibaba.druid.pool.DruidDataSource:994 - {dataSource-1} inited
2024-12-20 13:12:20.725 [main] INFO  org.jeecg.common.modules.redis.config.RedisConfig:56 -  --- redis config init --- 
2024-12-20 13:12:21.902 [main] INFO  org.quartz.impl.StdSchedulerFactory:1220 - Using default implementation for ThreadExecutor
2024-12-20 13:12:21.919 [main] INFO  org.quartz.core.SchedulerSignalerImpl:61 - Initialized Scheduler Signaller of type: class org.quartz.core.SchedulerSignalerImpl
2024-12-20 13:12:21.919 [main] INFO  org.quartz.core.QuartzScheduler:229 - Quartz Scheduler v.2.3.2 created.
2024-12-20 13:12:26.983 [Druid-ConnectionPool-Create-1978209605] ERROR com.alibaba.druid.pool.DruidDataSource:2781 - create connection SQLException, url: jdbc:dm://129.200.9.136:5236/?TJ-CADRE-ASSESS&rewriteBatchedStatements=true&zeroDateTimeBehavior=convertToNull&useUnicode=true&characterEncoding=utf-8, errorCode 6001, state 08S01
dm.jdbc.driver.DMException: 网络通信异常
	at dm.jdbc.driver.DBError.throwException(DBError.java:684)
	at dm.jdbc.c.a.init(DBAccess.java:1062)
	at dm.jdbc.c.a.<init>(DBAccess.java:139)
	at dm.jdbc.driver.DmdbConnection.openConnection(DmdbConnection.java:710)
	at dm.jdbc.driver.DmDriver.do_connect(DmDriver.java:155)
	at dm.jdbc.driver.DmDriver.connect(DmDriver.java:457)
	at com.alibaba.druid.pool.DruidAbstractDataSource.createPhysicalConnection(DruidAbstractDataSource.java:1644)
	at com.alibaba.druid.pool.DruidAbstractDataSource.createPhysicalConnection(DruidAbstractDataSource.java:1710)
	at com.alibaba.druid.pool.DruidDataSource$CreateConnectionThread.run(DruidDataSource.java:2779)
Caused by: java.net.SocketTimeoutException: connect timed out
	at java.net.DualStackPlainSocketImpl.waitForConnect(Native Method)
	at java.net.DualStackPlainSocketImpl.socketConnect(Unknown Source)
	at java.net.AbstractPlainSocketImpl.doConnect(Unknown Source)
	at java.net.AbstractPlainSocketImpl.connectToAddress(Unknown Source)
	at java.net.AbstractPlainSocketImpl.connect(Unknown Source)
	at java.net.PlainSocketImpl.connect(Unknown Source)
	at java.net.SocksSocketImpl.connect(Unknown Source)
	at java.net.Socket.connect(Unknown Source)
	at dm.jdbc.c.a.init(DBAccess.java:1050)
	... 7 common frames omitted
2024-12-20 13:12:32.000 [Druid-ConnectionPool-Create-1978209605] ERROR com.alibaba.druid.pool.DruidDataSource:2781 - create connection SQLException, url: jdbc:dm://129.200.9.136:5236/?TJ-CADRE-ASSESS&rewriteBatchedStatements=true&zeroDateTimeBehavior=convertToNull&useUnicode=true&characterEncoding=utf-8, errorCode 6001, state 08S01
dm.jdbc.driver.DMException: 网络通信异常
	at dm.jdbc.driver.DBError.throwException(DBError.java:684)
	at dm.jdbc.c.a.init(DBAccess.java:1062)
	at dm.jdbc.c.a.<init>(DBAccess.java:139)
	at dm.jdbc.driver.DmdbConnection.openConnection(DmdbConnection.java:710)
	at dm.jdbc.driver.DmDriver.do_connect(DmDriver.java:155)
	at dm.jdbc.driver.DmDriver.connect(DmDriver.java:457)
	at com.alibaba.druid.pool.DruidAbstractDataSource.createPhysicalConnection(DruidAbstractDataSource.java:1644)
	at com.alibaba.druid.pool.DruidAbstractDataSource.createPhysicalConnection(DruidAbstractDataSource.java:1710)
	at com.alibaba.druid.pool.DruidDataSource$CreateConnectionThread.run(DruidDataSource.java:2779)
Caused by: java.net.SocketTimeoutException: connect timed out
	at java.net.DualStackPlainSocketImpl.waitForConnect(Native Method)
	at java.net.DualStackPlainSocketImpl.socketConnect(Unknown Source)
	at java.net.AbstractPlainSocketImpl.doConnect(Unknown Source)
	at java.net.AbstractPlainSocketImpl.connectToAddress(Unknown Source)
	at java.net.AbstractPlainSocketImpl.connect(Unknown Source)
	at java.net.PlainSocketImpl.connect(Unknown Source)
	at java.net.SocksSocketImpl.connect(Unknown Source)
	at java.net.Socket.connect(Unknown Source)
	at dm.jdbc.c.a.init(DBAccess.java:1050)
	... 7 common frames omitted
2024-12-20 13:12:32.002 [Druid-ConnectionPool-Create-1978209605] INFO  com.alibaba.druid.pool.DruidAbstractDataSource:1791 - {dataSource-1} failContinuous is true
2024-12-20 13:12:37.516 [Druid-ConnectionPool-Create-1978209605] ERROR com.alibaba.druid.pool.DruidDataSource:2781 - create connection SQLException, url: jdbc:dm://129.200.9.136:5236/?TJ-CADRE-ASSESS&rewriteBatchedStatements=true&zeroDateTimeBehavior=convertToNull&useUnicode=true&characterEncoding=utf-8, errorCode 6001, state 08S01
dm.jdbc.driver.DMException: 网络通信异常
	at dm.jdbc.driver.DBError.throwException(DBError.java:684)
	at dm.jdbc.c.a.init(DBAccess.java:1062)
	at dm.jdbc.c.a.<init>(DBAccess.java:139)
	at dm.jdbc.driver.DmdbConnection.openConnection(DmdbConnection.java:710)
	at dm.jdbc.driver.DmDriver.do_connect(DmDriver.java:155)
	at dm.jdbc.driver.DmDriver.connect(DmDriver.java:457)
	at com.alibaba.druid.pool.DruidAbstractDataSource.createPhysicalConnection(DruidAbstractDataSource.java:1644)
	at com.alibaba.druid.pool.DruidAbstractDataSource.createPhysicalConnection(DruidAbstractDataSource.java:1710)
	at com.alibaba.druid.pool.DruidDataSource$CreateConnectionThread.run(DruidDataSource.java:2779)
Caused by: java.net.SocketTimeoutException: connect timed out
	at java.net.DualStackPlainSocketImpl.waitForConnect(Native Method)
	at java.net.DualStackPlainSocketImpl.socketConnect(Unknown Source)
	at java.net.AbstractPlainSocketImpl.doConnect(Unknown Source)
	at java.net.AbstractPlainSocketImpl.connectToAddress(Unknown Source)
	at java.net.AbstractPlainSocketImpl.connect(Unknown Source)
	at java.net.PlainSocketImpl.connect(Unknown Source)
	at java.net.SocksSocketImpl.connect(Unknown Source)
	at java.net.Socket.connect(Unknown Source)
	at dm.jdbc.c.a.init(DBAccess.java:1050)
	... 7 common frames omitted
2024-12-20 13:12:43.028 [Druid-ConnectionPool-Create-1978209605] ERROR com.alibaba.druid.pool.DruidDataSource:2781 - create connection SQLException, url: jdbc:dm://129.200.9.136:5236/?TJ-CADRE-ASSESS&rewriteBatchedStatements=true&zeroDateTimeBehavior=convertToNull&useUnicode=true&characterEncoding=utf-8, errorCode 6001, state 08S01
dm.jdbc.driver.DMException: 网络通信异常
	at dm.jdbc.driver.DBError.throwException(DBError.java:684)
	at dm.jdbc.c.a.init(DBAccess.java:1062)
	at dm.jdbc.c.a.<init>(DBAccess.java:139)
	at dm.jdbc.driver.DmdbConnection.openConnection(DmdbConnection.java:710)
	at dm.jdbc.driver.DmDriver.do_connect(DmDriver.java:155)
	at dm.jdbc.driver.DmDriver.connect(DmDriver.java:457)
	at com.alibaba.druid.pool.DruidAbstractDataSource.createPhysicalConnection(DruidAbstractDataSource.java:1644)
	at com.alibaba.druid.pool.DruidAbstractDataSource.createPhysicalConnection(DruidAbstractDataSource.java:1710)
	at com.alibaba.druid.pool.DruidDataSource$CreateConnectionThread.run(DruidDataSource.java:2779)
Caused by: java.net.SocketTimeoutException: connect timed out
	at java.net.DualStackPlainSocketImpl.waitForConnect(Native Method)
	at java.net.DualStackPlainSocketImpl.socketConnect(Unknown Source)
	at java.net.AbstractPlainSocketImpl.doConnect(Unknown Source)
	at java.net.AbstractPlainSocketImpl.connectToAddress(Unknown Source)
	at java.net.AbstractPlainSocketImpl.connect(Unknown Source)
	at java.net.PlainSocketImpl.connect(Unknown Source)
	at java.net.SocksSocketImpl.connect(Unknown Source)
	at java.net.Socket.connect(Unknown Source)
	at dm.jdbc.c.a.init(DBAccess.java:1050)
	... 7 common frames omitted
2024-12-20 13:12:48.558 [Druid-ConnectionPool-Create-1978209605] ERROR com.alibaba.druid.pool.DruidDataSource:2781 - create connection SQLException, url: jdbc:dm://129.200.9.136:5236/?TJ-CADRE-ASSESS&rewriteBatchedStatements=true&zeroDateTimeBehavior=convertToNull&useUnicode=true&characterEncoding=utf-8, errorCode 6001, state 08S01
dm.jdbc.driver.DMException: 网络通信异常
	at dm.jdbc.driver.DBError.throwException(DBError.java:684)
	at dm.jdbc.c.a.init(DBAccess.java:1062)
	at dm.jdbc.c.a.<init>(DBAccess.java:139)
	at dm.jdbc.driver.DmdbConnection.openConnection(DmdbConnection.java:710)
	at dm.jdbc.driver.DmDriver.do_connect(DmDriver.java:155)
	at dm.jdbc.driver.DmDriver.connect(DmDriver.java:457)
	at com.alibaba.druid.pool.DruidAbstractDataSource.createPhysicalConnection(DruidAbstractDataSource.java:1644)
	at com.alibaba.druid.pool.DruidAbstractDataSource.createPhysicalConnection(DruidAbstractDataSource.java:1710)
	at com.alibaba.druid.pool.DruidDataSource$CreateConnectionThread.run(DruidDataSource.java:2779)
Caused by: java.net.SocketTimeoutException: connect timed out
	at java.net.DualStackPlainSocketImpl.waitForConnect(Native Method)
	at java.net.DualStackPlainSocketImpl.socketConnect(Unknown Source)
	at java.net.AbstractPlainSocketImpl.doConnect(Unknown Source)
	at java.net.AbstractPlainSocketImpl.connectToAddress(Unknown Source)
	at java.net.AbstractPlainSocketImpl.connect(Unknown Source)
	at java.net.PlainSocketImpl.connect(Unknown Source)
	at java.net.SocksSocketImpl.connect(Unknown Source)
	at java.net.Socket.connect(Unknown Source)
	at dm.jdbc.c.a.init(DBAccess.java:1050)
	... 7 common frames omitted
2024-12-20 13:12:54.071 [Druid-ConnectionPool-Create-1978209605] ERROR com.alibaba.druid.pool.DruidDataSource:2781 - create connection SQLException, url: jdbc:dm://129.200.9.136:5236/?TJ-CADRE-ASSESS&rewriteBatchedStatements=true&zeroDateTimeBehavior=convertToNull&useUnicode=true&characterEncoding=utf-8, errorCode 6001, state 08S01
dm.jdbc.driver.DMException: 网络通信异常
	at dm.jdbc.driver.DBError.throwException(DBError.java:684)
	at dm.jdbc.c.a.init(DBAccess.java:1062)
	at dm.jdbc.c.a.<init>(DBAccess.java:139)
	at dm.jdbc.driver.DmdbConnection.openConnection(DmdbConnection.java:710)
	at dm.jdbc.driver.DmDriver.do_connect(DmDriver.java:155)
	at dm.jdbc.driver.DmDriver.connect(DmDriver.java:457)
	at com.alibaba.druid.pool.DruidAbstractDataSource.createPhysicalConnection(DruidAbstractDataSource.java:1644)
	at com.alibaba.druid.pool.DruidAbstractDataSource.createPhysicalConnection(DruidAbstractDataSource.java:1710)
	at com.alibaba.druid.pool.DruidDataSource$CreateConnectionThread.run(DruidDataSource.java:2779)
Caused by: java.net.SocketTimeoutException: connect timed out
	at java.net.DualStackPlainSocketImpl.waitForConnect(Native Method)
	at java.net.DualStackPlainSocketImpl.socketConnect(Unknown Source)
	at java.net.AbstractPlainSocketImpl.doConnect(Unknown Source)
	at java.net.AbstractPlainSocketImpl.connectToAddress(Unknown Source)
	at java.net.AbstractPlainSocketImpl.connect(Unknown Source)
	at java.net.PlainSocketImpl.connect(Unknown Source)
	at java.net.SocksSocketImpl.connect(Unknown Source)
	at java.net.Socket.connect(Unknown Source)
	at dm.jdbc.c.a.init(DBAccess.java:1050)
	... 7 common frames omitted
2024-12-20 13:12:59.583 [Druid-ConnectionPool-Create-1978209605] ERROR com.alibaba.druid.pool.DruidDataSource:2781 - create connection SQLException, url: jdbc:dm://129.200.9.136:5236/?TJ-CADRE-ASSESS&rewriteBatchedStatements=true&zeroDateTimeBehavior=convertToNull&useUnicode=true&characterEncoding=utf-8, errorCode 6001, state 08S01
dm.jdbc.driver.DMException: 网络通信异常
	at dm.jdbc.driver.DBError.throwException(DBError.java:684)
	at dm.jdbc.c.a.init(DBAccess.java:1062)
	at dm.jdbc.c.a.<init>(DBAccess.java:139)
	at dm.jdbc.driver.DmdbConnection.openConnection(DmdbConnection.java:710)
	at dm.jdbc.driver.DmDriver.do_connect(DmDriver.java:155)
	at dm.jdbc.driver.DmDriver.connect(DmDriver.java:457)
	at com.alibaba.druid.pool.DruidAbstractDataSource.createPhysicalConnection(DruidAbstractDataSource.java:1644)
	at com.alibaba.druid.pool.DruidAbstractDataSource.createPhysicalConnection(DruidAbstractDataSource.java:1710)
	at com.alibaba.druid.pool.DruidDataSource$CreateConnectionThread.run(DruidDataSource.java:2779)
Caused by: java.net.SocketTimeoutException: connect timed out
	at java.net.DualStackPlainSocketImpl.waitForConnect(Native Method)
	at java.net.DualStackPlainSocketImpl.socketConnect(Unknown Source)
	at java.net.AbstractPlainSocketImpl.doConnect(Unknown Source)
	at java.net.AbstractPlainSocketImpl.connectToAddress(Unknown Source)
	at java.net.AbstractPlainSocketImpl.connect(Unknown Source)
	at java.net.PlainSocketImpl.connect(Unknown Source)
	at java.net.SocksSocketImpl.connect(Unknown Source)
	at java.net.Socket.connect(Unknown Source)
	at dm.jdbc.c.a.init(DBAccess.java:1050)
	... 7 common frames omitted
2024-12-20 13:13:05.094 [Druid-ConnectionPool-Create-1978209605] ERROR com.alibaba.druid.pool.DruidDataSource:2781 - create connection SQLException, url: jdbc:dm://129.200.9.136:5236/?TJ-CADRE-ASSESS&rewriteBatchedStatements=true&zeroDateTimeBehavior=convertToNull&useUnicode=true&characterEncoding=utf-8, errorCode 6001, state 08S01
dm.jdbc.driver.DMException: 网络通信异常
	at dm.jdbc.driver.DBError.throwException(DBError.java:684)
	at dm.jdbc.c.a.init(DBAccess.java:1062)
	at dm.jdbc.c.a.<init>(DBAccess.java:139)
	at dm.jdbc.driver.DmdbConnection.openConnection(DmdbConnection.java:710)
	at dm.jdbc.driver.DmDriver.do_connect(DmDriver.java:155)
	at dm.jdbc.driver.DmDriver.connect(DmDriver.java:457)
	at com.alibaba.druid.pool.DruidAbstractDataSource.createPhysicalConnection(DruidAbstractDataSource.java:1644)
	at com.alibaba.druid.pool.DruidAbstractDataSource.createPhysicalConnection(DruidAbstractDataSource.java:1710)
	at com.alibaba.druid.pool.DruidDataSource$CreateConnectionThread.run(DruidDataSource.java:2779)
Caused by: java.net.SocketTimeoutException: connect timed out
	at java.net.DualStackPlainSocketImpl.waitForConnect(Native Method)
	at java.net.DualStackPlainSocketImpl.socketConnect(Unknown Source)
	at java.net.AbstractPlainSocketImpl.doConnect(Unknown Source)
	at java.net.AbstractPlainSocketImpl.connectToAddress(Unknown Source)
	at java.net.AbstractPlainSocketImpl.connect(Unknown Source)
	at java.net.PlainSocketImpl.connect(Unknown Source)
	at java.net.SocksSocketImpl.connect(Unknown Source)
	at java.net.Socket.connect(Unknown Source)
	at dm.jdbc.c.a.init(DBAccess.java:1050)
	... 7 common frames omitted
2024-12-20 13:13:10.615 [Druid-ConnectionPool-Create-1978209605] ERROR com.alibaba.druid.pool.DruidDataSource:2781 - create connection SQLException, url: jdbc:dm://129.200.9.136:5236/?TJ-CADRE-ASSESS&rewriteBatchedStatements=true&zeroDateTimeBehavior=convertToNull&useUnicode=true&characterEncoding=utf-8, errorCode 6001, state 08S01
dm.jdbc.driver.DMException: 网络通信异常
	at dm.jdbc.driver.DBError.throwException(DBError.java:684)
	at dm.jdbc.c.a.init(DBAccess.java:1062)
	at dm.jdbc.c.a.<init>(DBAccess.java:139)
	at dm.jdbc.driver.DmdbConnection.openConnection(DmdbConnection.java:710)
	at dm.jdbc.driver.DmDriver.do_connect(DmDriver.java:155)
	at dm.jdbc.driver.DmDriver.connect(DmDriver.java:457)
	at com.alibaba.druid.pool.DruidAbstractDataSource.createPhysicalConnection(DruidAbstractDataSource.java:1644)
	at com.alibaba.druid.pool.DruidAbstractDataSource.createPhysicalConnection(DruidAbstractDataSource.java:1710)
	at com.alibaba.druid.pool.DruidDataSource$CreateConnectionThread.run(DruidDataSource.java:2779)
Caused by: java.net.SocketTimeoutException: connect timed out
	at java.net.DualStackPlainSocketImpl.waitForConnect(Native Method)
	at java.net.DualStackPlainSocketImpl.socketConnect(Unknown Source)
	at java.net.AbstractPlainSocketImpl.doConnect(Unknown Source)
	at java.net.AbstractPlainSocketImpl.connectToAddress(Unknown Source)
	at java.net.AbstractPlainSocketImpl.connect(Unknown Source)
	at java.net.PlainSocketImpl.connect(Unknown Source)
	at java.net.SocksSocketImpl.connect(Unknown Source)
	at java.net.Socket.connect(Unknown Source)
	at dm.jdbc.c.a.init(DBAccess.java:1050)
	... 7 common frames omitted
2024-12-20 13:13:16.137 [Druid-ConnectionPool-Create-1978209605] ERROR com.alibaba.druid.pool.DruidDataSource:2781 - create connection SQLException, url: jdbc:dm://129.200.9.136:5236/?TJ-CADRE-ASSESS&rewriteBatchedStatements=true&zeroDateTimeBehavior=convertToNull&useUnicode=true&characterEncoding=utf-8, errorCode 6001, state 08S01
dm.jdbc.driver.DMException: 网络通信异常
	at dm.jdbc.driver.DBError.throwException(DBError.java:684)
	at dm.jdbc.c.a.init(DBAccess.java:1062)
	at dm.jdbc.c.a.<init>(DBAccess.java:139)
	at dm.jdbc.driver.DmdbConnection.openConnection(DmdbConnection.java:710)
	at dm.jdbc.driver.DmDriver.do_connect(DmDriver.java:155)
	at dm.jdbc.driver.DmDriver.connect(DmDriver.java:457)
	at com.alibaba.druid.pool.DruidAbstractDataSource.createPhysicalConnection(DruidAbstractDataSource.java:1644)
	at com.alibaba.druid.pool.DruidAbstractDataSource.createPhysicalConnection(DruidAbstractDataSource.java:1710)
	at com.alibaba.druid.pool.DruidDataSource$CreateConnectionThread.run(DruidDataSource.java:2779)
Caused by: java.net.SocketTimeoutException: connect timed out
	at java.net.DualStackPlainSocketImpl.waitForConnect(Native Method)
	at java.net.DualStackPlainSocketImpl.socketConnect(Unknown Source)
	at java.net.AbstractPlainSocketImpl.doConnect(Unknown Source)
	at java.net.AbstractPlainSocketImpl.connectToAddress(Unknown Source)
	at java.net.AbstractPlainSocketImpl.connect(Unknown Source)
	at java.net.PlainSocketImpl.connect(Unknown Source)
	at java.net.SocksSocketImpl.connect(Unknown Source)
	at java.net.Socket.connect(Unknown Source)
	at dm.jdbc.c.a.init(DBAccess.java:1050)
	... 7 common frames omitted
